[0.732s] Invoking command in '/home/cpranathunga/ros2_ws/src/CMP9767_Assignment/assignment_pathole': PYTHONPATH=/home/cpranathunga/ros2_ws/src/CMP9767_Assignment/build/assignment_pathole/prefix_override:/home/cpranathunga/ros2_ws/src/CMP9767_Assignment/install/assignment_pathole/lib/python3.10/site-packages:${PYTHONPATH} /usr/bin/python3 setup.py egg_info --egg-base ../build/assignment_pathole build --build-base /home/cpranathunga/ros2_ws/src/CMP9767_Assignment/build/assignment_pathole/build install --record /home/cpranathunga/ros2_ws/src/CMP9767_Assignment/build/assignment_pathole/install.log --single-version-externally-managed
[0.958s] running egg_info
[0.958s] writing ../build/assignment_pathole/assignment_pathole.egg-info/PKG-INFO
[0.959s] writing dependency_links to ../build/assignment_pathole/assignment_pathole.egg-info/dependency_links.txt
[0.959s] writing entry points to ../build/assignment_pathole/assignment_pathole.egg-info/entry_points.txt
[0.959s] writing requirements to ../build/assignment_pathole/assignment_pathole.egg-info/requires.txt
[0.959s] writing top-level names to ../build/assignment_pathole/assignment_pathole.egg-info/top_level.txt
[0.961s] reading manifest file '../build/assignment_pathole/assignment_pathole.egg-info/SOURCES.txt'
[0.962s] writing manifest file '../build/assignment_pathole/assignment_pathole.egg-info/SOURCES.txt'
[0.962s] running build
[0.962s] running build_py
[0.962s] running install
[0.962s] running install_lib
[0.963s] running install_data
[0.964s] running install_egg_info
[0.965s] removing '/home/cpranathunga/ros2_ws/src/CMP9767_Assignment/install/assignment_pathole/lib/python3.10/site-packages/assignment_pathole-0.0.0-py3.10.egg-info' (and everything under it)
[0.966s] Copying ../build/assignment_pathole/assignment_pathole.egg-info to /home/cpranathunga/ros2_ws/src/CMP9767_Assignment/install/assignment_pathole/lib/python3.10/site-packages/assignment_pathole-0.0.0-py3.10.egg-info
[0.966s] running install_scripts
[0.983s] Installing mover script to /home/cpranathunga/ros2_ws/src/CMP9767_Assignment/install/assignment_pathole/lib/assignment_pathole
[0.983s] Installing pothole_counter script to /home/cpranathunga/ros2_ws/src/CMP9767_Assignment/install/assignment_pathole/lib/assignment_pathole
[0.983s] Installing pothole_detector script to /home/cpranathunga/ros2_ws/src/CMP9767_Assignment/install/assignment_pathole/lib/assignment_pathole
[0.983s] Installing pothole_detector_real script to /home/cpranathunga/ros2_ws/src/CMP9767_Assignment/install/assignment_pathole/lib/assignment_pathole
[0.984s] writing list of installed files to '/home/cpranathunga/ros2_ws/src/CMP9767_Assignment/build/assignment_pathole/install.log'
[1.013s] Invoked command in '/home/cpranathunga/ros2_ws/src/CMP9767_Assignment/assignment_pathole' returned '0': PYTHONPATH=/home/cpranathunga/ros2_ws/src/CMP9767_Assignment/build/assignment_pathole/prefix_override:/home/cpranathunga/ros2_ws/src/CMP9767_Assignment/install/assignment_pathole/lib/python3.10/site-packages:${PYTHONPATH} /usr/bin/python3 setup.py egg_info --egg-base ../build/assignment_pathole build --build-base /home/cpranathunga/ros2_ws/src/CMP9767_Assignment/build/assignment_pathole/build install --record /home/cpranathunga/ros2_ws/src/CMP9767_Assignment/build/assignment_pathole/install.log --single-version-externally-managed
