[0.876s] DEBUG:colcon:Command line arguments: ['/usr/bin/colcon', 'build']
[0.876s] DEBUG:colcon:Parsed command line arguments: Namespace(log_base=None, log_level=None, verb_name='build', build_base='build', install_base='install', merge_install=False, symlink_install=False, test_result_base=None, continue_on_error=False, executor='parallel', parallel_workers=16, event_handlers=None, ignore_user_meta=False, metas=['./colcon.meta'], base_paths=['.'], packages_ignore=None, packages_ignore_regex=None, paths=None, packages_up_to=None, packages_up_to_regex=None, packages_above=None, packages_above_and_dependencies=None, packages_above_depth=None, packages_select_by_dep=None, packages_skip_by_dep=None, packages_skip_up_to=None, packages_select_build_failed=False, packages_skip_build_finished=False, packages_select_test_failures=False, packages_skip_test_passed=False, packages_select=None, packages_skip=None, packages_select_regex=None, packages_skip_regex=None, packages_start=None, packages_end=None, cmake_args=None, cmake_target=None, cmake_target_skip_unavailable=False, cmake_clean_cache=False, cmake_clean_first=False, cmake_force_configure=False, ament_cmake_args=None, catkin_cmake_args=None, catkin_skip_building_tests=False, verb_parser=<colcon_defaults.argument_parser.defaults.DefaultArgumentsDecorator object at 0x7feb25be3460>, verb_extension=<colcon_core.verb.build.BuildVerb object at 0x7feb25be28f0>, main=<bound method BuildVerb.main of <colcon_core.verb.build.BuildVerb object at 0x7feb25be28f0>>)
[0.921s] Level 1:colcon.colcon_core.package_discovery:discover_packages(colcon_meta) check parameters
[0.921s] Level 1:colcon.colcon_core.package_discovery:discover_packages(recursive) check parameters
[0.921s] Level 1:colcon.colcon_core.package_discovery:discover_packages(ignore) check parameters
[0.921s] Level 1:colcon.colcon_core.package_discovery:discover_packages(path) check parameters
[0.921s] Level 1:colcon.colcon_core.package_discovery:discover_packages(colcon_meta) discover
[0.921s] Level 1:colcon.colcon_core.package_discovery:discover_packages(recursive) discover
[0.921s] INFO:colcon.colcon_core.package_discovery:Crawling recursively for packages in '/home/cpranathunga/ros2_ws/src/CMP9767_Assignment'
[0.921s] Level 1:colcon.colcon_core.package_identification:_identify(.) by extensions ['ignore', 'ignore_ament_install']
[0.921s] Level 1:colcon.colcon_core.package_identification:_identify(.) by extension 'ignore'
[0.921s] Level 1:colcon.colcon_core.package_identification:_identify(.) by extension 'ignore_ament_install'
[0.922s] Level 1:colcon.colcon_core.package_identification:_identify(.) by extensions ['colcon_pkg']
[0.922s] Level 1:colcon.colcon_core.package_identification:_identify(.) by extension 'colcon_pkg'
[0.922s] Level 1:colcon.colcon_core.package_identification:_identify(.) by extensions ['colcon_meta']
[0.922s] Level 1:colcon.colcon_core.package_identification:_identify(.) by extension 'colcon_meta'
[0.922s] Level 1:colcon.colcon_core.package_identification:_identify(.) by extensions ['ros']
[0.922s] Level 1:colcon.colcon_core.package_identification:_identify(.) by extension 'ros'
[0.932s] Level 1:colcon.colcon_core.package_identification:_identify(.) by extensions ['cmake', 'python']
[0.932s] Level 1:colcon.colcon_core.package_identification:_identify(.) by extension 'cmake'
[0.932s] Level 1:colcon.colcon_core.package_identification:_identify(.) by extension 'python'
[0.932s] Level 1:colcon.colcon_core.package_identification:_identify(.) by extensions ['python_setup_py']
[0.932s] Level 1:colcon.colcon_core.package_identification:_identify(.) by extension 'python_setup_py'
[0.933s] Level 1:colcon.colcon_core.package_identification:_identify(assignment_pathole) by extensions ['ignore', 'ignore_ament_install']
[0.933s] Level 1:colcon.colcon_core.package_identification:_identify(assignment_pathole) by extension 'ignore'
[0.933s] Level 1:colcon.colcon_core.package_identification:_identify(assignment_pathole) by extension 'ignore_ament_install'
[0.933s] Level 1:colcon.colcon_core.package_identification:_identify(assignment_pathole) by extensions ['colcon_pkg']
[0.933s] Level 1:colcon.colcon_core.package_identification:_identify(assignment_pathole) by extension 'colcon_pkg'
[0.933s] Level 1:colcon.colcon_core.package_identification:_identify(assignment_pathole) by extensions ['colcon_meta']
[0.933s] Level 1:colcon.colcon_core.package_identification:_identify(assignment_pathole) by extension 'colcon_meta'
[0.933s] Level 1:colcon.colcon_core.package_identification:_identify(assignment_pathole) by extensions ['ros']
[0.933s] Level 1:colcon.colcon_core.package_identification:_identify(assignment_pathole) by extension 'ros'
[0.935s] DEBUG:colcon.colcon_core.package_identification:Package 'assignment_pathole' with type 'ros.ament_python' and name 'assignment_pathole'
[0.935s] Level 1:colcon.colcon_core.package_identification:_identify(build) by extensions ['ignore', 'ignore_ament_install']
[0.935s] Level 1:colcon.colcon_core.package_identification:_identify(build) by extension 'ignore'
[0.935s] Level 1:colcon.colcon_core.package_identification:_identify(build) ignored
[0.935s] Level 1:colcon.colcon_core.package_identification:_identify(install) by extensions ['ignore', 'ignore_ament_install']
[0.935s] Level 1:colcon.colcon_core.package_identification:_identify(install) by extension 'ignore'
[0.935s] Level 1:colcon.colcon_core.package_identification:_identify(install) ignored
[0.936s] Level 1:colcon.colcon_core.package_identification:_identify(log) by extensions ['ignore', 'ignore_ament_install']
[0.936s] Level 1:colcon.colcon_core.package_identification:_identify(log) by extension 'ignore'
[0.936s] Level 1:colcon.colcon_core.package_identification:_identify(log) ignored
[0.936s] Level 1:colcon.colcon_core.package_discovery:discover_packages(recursive) using defaults
[0.936s] Level 1:colcon.colcon_core.package_discovery:discover_packages(ignore) discover
[0.936s] Level 1:colcon.colcon_core.package_discovery:discover_packages(ignore) using defaults
[0.936s] Level 1:colcon.colcon_core.package_discovery:discover_packages(path) discover
[0.936s] Level 1:colcon.colcon_core.package_discovery:discover_packages(path) using defaults
[1.011s] Level 5:colcon.colcon_core.verb:set package 'assignment_pathole' build argument 'cmake_args' from command line to 'None'
[1.011s] Level 5:colcon.colcon_core.verb:set package 'assignment_pathole' build argument 'cmake_target' from command line to 'None'
[1.011s] Level 5:colcon.colcon_core.verb:set package 'assignment_pathole' build argument 'cmake_target_skip_unavailable' from command line to 'False'
[1.011s] Level 5:colcon.colcon_core.verb:set package 'assignment_pathole' build argument 'cmake_clean_cache' from command line to 'False'
[1.011s] Level 5:colcon.colcon_core.verb:set package 'assignment_pathole' build argument 'cmake_clean_first' from command line to 'False'
[1.011s] Level 5:colcon.colcon_core.verb:set package 'assignment_pathole' build argument 'cmake_force_configure' from command line to 'False'
[1.011s] Level 5:colcon.colcon_core.verb:set package 'assignment_pathole' build argument 'ament_cmake_args' from command line to 'None'
[1.011s] Level 5:colcon.colcon_core.verb:set package 'assignment_pathole' build argument 'catkin_cmake_args' from command line to 'None'
[1.011s] Level 5:colcon.colcon_core.verb:set package 'assignment_pathole' build argument 'catkin_skip_building_tests' from command line to 'False'
[1.011s] DEBUG:colcon.colcon_core.verb:Building package 'assignment_pathole' with the following arguments: {'ament_cmake_args': None, 'build_base': '/home/cpranathunga/ros2_ws/src/CMP9767_Assignment/build/assignment_pathole', 'catkin_cmake_args': None, 'catkin_skip_building_tests': False, 'cmake_args': None, 'cmake_clean_cache': False, 'cmake_clean_first': False, 'cmake_force_configure': False, 'cmake_target': None, 'cmake_target_skip_unavailable': False, 'install_base': '/home/cpranathunga/ros2_ws/src/CMP9767_Assignment/install/assignment_pathole', 'merge_install': False, 'path': '/home/cpranathunga/ros2_ws/src/CMP9767_Assignment/assignment_pathole', 'symlink_install': False, 'test_result_base': None}
[1.024s] INFO:colcon.colcon_core.executor:Executing jobs using 'parallel' executor
[1.039s] DEBUG:colcon.colcon_parallel_executor.executor.parallel:run_until_complete
[1.039s] INFO:colcon.colcon_ros.task.ament_python.build:Building ROS package in '/home/cpranathunga/ros2_ws/src/CMP9767_Assignment/assignment_pathole' with build type 'ament_python'
[1.039s] Level 1:colcon.colcon_core.shell:create_environment_hook('assignment_pathole', 'ament_prefix_path')
[1.056s] INFO:colcon.colcon_core.plugin_system:Skipping extension 'colcon_core.shell.bat': Not used on non-Windows systems
[1.056s] INFO:colcon.colcon_core.shell:Creating environment hook '/home/cpranathunga/ros2_ws/src/CMP9767_Assignment/install/assignment_pathole/share/assignment_pathole/hook/ament_prefix_path.ps1'
[1.057s] INFO:colcon.colcon_core.shell:Creating environment descriptor '/home/cpranathunga/ros2_ws/src/CMP9767_Assignment/install/assignment_pathole/share/assignment_pathole/hook/ament_prefix_path.dsv'
[1.057s] INFO:colcon.colcon_core.shell:Creating environment hook '/home/cpranathunga/ros2_ws/src/CMP9767_Assignment/install/assignment_pathole/share/assignment_pathole/hook/ament_prefix_path.sh'
[1.073s] INFO:colcon.colcon_core.shell:Skip shell extension 'powershell' for command environment: Not usable outside of PowerShell
[1.074s] DEBUG:colcon.colcon_core.shell:Skip shell extension 'dsv' for command environment
[1.090s] WARNING:colcon.colcon_ros.prefix_path.ament:The path '/home/cpranathunga/ros2_ws/install/assignment_pathole' in the environment variable AMENT_PREFIX_PATH doesn't exist
[1.404s] INFO:colcon.colcon_core.task.python.build:Building Python package in '/home/cpranathunga/ros2_ws/src/CMP9767_Assignment/assignment_pathole'
[1.418s] INFO:colcon.colcon_core.shell:Skip shell extension 'powershell' for command environment: Not usable outside of PowerShell
[1.418s] DEBUG:colcon.colcon_core.shell:Skip shell extension 'dsv' for command environment
[1.837s] DEBUG:colcon.colcon_core.event_handler.log_command:Invoking command in '/home/cpranathunga/ros2_ws/src/CMP9767_Assignment/assignment_pathole': PYTHONPATH=/home/cpranathunga/ros2_ws/src/CMP9767_Assignment/build/assignment_pathole/prefix_override:/home/cpranathunga/ros2_ws/src/CMP9767_Assignment/install/assignment_pathole/lib/python3.10/site-packages:${PYTHONPATH} /usr/bin/python3 setup.py egg_info --egg-base ../build/assignment_pathole build --build-base /home/cpranathunga/ros2_ws/src/CMP9767_Assignment/build/assignment_pathole/build install --record /home/cpranathunga/ros2_ws/src/CMP9767_Assignment/build/assignment_pathole/install.log --single-version-externally-managed
[2.145s] DEBUG:colcon.colcon_core.event_handler.log_command:Invoked command in '/home/cpranathunga/ros2_ws/src/CMP9767_Assignment/assignment_pathole' returned '0': PYTHONPATH=/home/cpranathunga/ros2_ws/src/CMP9767_Assignment/build/assignment_pathole/prefix_override:/home/cpranathunga/ros2_ws/src/CMP9767_Assignment/install/assignment_pathole/lib/python3.10/site-packages:${PYTHONPATH} /usr/bin/python3 setup.py egg_info --egg-base ../build/assignment_pathole build --build-base /home/cpranathunga/ros2_ws/src/CMP9767_Assignment/build/assignment_pathole/build install --record /home/cpranathunga/ros2_ws/src/CMP9767_Assignment/build/assignment_pathole/install.log --single-version-externally-managed
[2.160s] Level 1:colcon.colcon_core.environment:checking '/home/cpranathunga/ros2_ws/src/CMP9767_Assignment/install/assignment_pathole' for CMake module files
[2.161s] Level 1:colcon.colcon_core.environment:checking '/home/cpranathunga/ros2_ws/src/CMP9767_Assignment/install/assignment_pathole' for CMake config files
[2.161s] Level 1:colcon.colcon_core.environment:checking '/home/cpranathunga/ros2_ws/src/CMP9767_Assignment/install/assignment_pathole/lib'
[2.161s] Level 1:colcon.colcon_core.environment:checking '/home/cpranathunga/ros2_ws/src/CMP9767_Assignment/install/assignment_pathole/bin'
[2.162s] Level 1:colcon.colcon_core.environment:checking '/home/cpranathunga/ros2_ws/src/CMP9767_Assignment/install/assignment_pathole/lib/pkgconfig/assignment_pathole.pc'
[2.162s] Level 1:colcon.colcon_core.environment:checking '/home/cpranathunga/ros2_ws/src/CMP9767_Assignment/install/assignment_pathole/lib/python3.10/site-packages'
[2.162s] Level 1:colcon.colcon_core.shell:create_environment_hook('assignment_pathole', 'pythonpath')
[2.178s] INFO:colcon.colcon_core.shell:Creating environment hook '/home/cpranathunga/ros2_ws/src/CMP9767_Assignment/install/assignment_pathole/share/assignment_pathole/hook/pythonpath.ps1'
[2.179s] INFO:colcon.colcon_core.shell:Creating environment descriptor '/home/cpranathunga/ros2_ws/src/CMP9767_Assignment/install/assignment_pathole/share/assignment_pathole/hook/pythonpath.dsv'
[2.180s] INFO:colcon.colcon_core.shell:Creating environment hook '/home/cpranathunga/ros2_ws/src/CMP9767_Assignment/install/assignment_pathole/share/assignment_pathole/hook/pythonpath.sh'
[2.181s] Level 1:colcon.colcon_core.environment:checking '/home/cpranathunga/ros2_ws/src/CMP9767_Assignment/install/assignment_pathole/bin'
[2.181s] Level 1:colcon.colcon_core.environment:create_environment_scripts_only(assignment_pathole)
[2.197s] INFO:colcon.colcon_core.shell:Creating package script '/home/cpranathunga/ros2_ws/src/CMP9767_Assignment/install/assignment_pathole/share/assignment_pathole/package.ps1'
[2.198s] INFO:colcon.colcon_core.shell:Creating package descriptor '/home/cpranathunga/ros2_ws/src/CMP9767_Assignment/install/assignment_pathole/share/assignment_pathole/package.dsv'
[2.199s] INFO:colcon.colcon_core.shell:Creating package script '/home/cpranathunga/ros2_ws/src/CMP9767_Assignment/install/assignment_pathole/share/assignment_pathole/package.sh'
[2.199s] INFO:colcon.colcon_core.shell:Creating package script '/home/cpranathunga/ros2_ws/src/CMP9767_Assignment/install/assignment_pathole/share/assignment_pathole/package.bash'
[2.200s] INFO:colcon.colcon_core.shell:Creating package script '/home/cpranathunga/ros2_ws/src/CMP9767_Assignment/install/assignment_pathole/share/assignment_pathole/package.zsh'
[2.201s] Level 1:colcon.colcon_core.environment:create_file_with_runtime_dependencies(/home/cpranathunga/ros2_ws/src/CMP9767_Assignment/install/assignment_pathole/share/colcon-core/packages/assignment_pathole)
[2.201s] DEBUG:colcon.colcon_parallel_executor.executor.parallel:closing loop
[2.201s] DEBUG:colcon.colcon_parallel_executor.executor.parallel:loop closed
[2.202s] DEBUG:colcon.colcon_parallel_executor.executor.parallel:run_until_complete finished with '0'
[2.202s] DEBUG:colcon.colcon_core.event_reactor:joining thread
[2.222s] INFO:colcon.colcon_core.plugin_system:Skipping extension 'colcon_notification.desktop_notification.terminal_notifier': Not used on non-Darwin systems
[2.222s] INFO:colcon.colcon_core.plugin_system:Skipping extension 'colcon_notification.desktop_notification.win32': Not used on non-Windows systems
[2.222s] INFO:colcon.colcon_notification.desktop_notification:Sending desktop notification using 'notify2'
[2.234s] DEBUG:colcon.colcon_core.event_reactor:joined thread
[2.248s] INFO:colcon.colcon_core.shell:Creating prefix script '/home/cpranathunga/ros2_ws/src/CMP9767_Assignment/install/local_setup.ps1'
[2.250s] INFO:colcon.colcon_core.shell:Creating prefix util module '/home/cpranathunga/ros2_ws/src/CMP9767_Assignment/install/_local_setup_util_ps1.py'
[2.252s] INFO:colcon.colcon_core.shell:Creating prefix chain script '/home/cpranathunga/ros2_ws/src/CMP9767_Assignment/install/setup.ps1'
[2.267s] INFO:colcon.colcon_core.shell:Creating prefix script '/home/cpranathunga/ros2_ws/src/CMP9767_Assignment/install/local_setup.sh'
[2.268s] INFO:colcon.colcon_core.shell:Creating prefix util module '/home/cpranathunga/ros2_ws/src/CMP9767_Assignment/install/_local_setup_util_sh.py'
[2.268s] INFO:colcon.colcon_core.shell:Creating prefix chain script '/home/cpranathunga/ros2_ws/src/CMP9767_Assignment/install/setup.sh'
[2.282s] INFO:colcon.colcon_core.shell:Creating prefix script '/home/cpranathunga/ros2_ws/src/CMP9767_Assignment/install/local_setup.bash'
[2.283s] INFO:colcon.colcon_core.shell:Creating prefix chain script '/home/cpranathunga/ros2_ws/src/CMP9767_Assignment/install/setup.bash'
[2.297s] INFO:colcon.colcon_core.shell:Creating prefix script '/home/cpranathunga/ros2_ws/src/CMP9767_Assignment/install/local_setup.zsh'
[2.297s] INFO:colcon.colcon_core.shell:Creating prefix chain script '/home/cpranathunga/ros2_ws/src/CMP9767_Assignment/install/setup.zsh'
