[0.694s] Invoking command in '/home/cpranathunga/ros2_ws/src/CMP9767_Assignment/build/assignment_pathole': PYTHONPATH=/home/cpranathunga/ros2_ws/src/CMP9767_Assignment/build/assignment_pathole/prefix_override:/home/cpranathunga/ros2_ws/src/CMP9767_Assignment/install/assignment_pathole/lib/python3.10/site-packages:${PYTHONPATH} /usr/bin/python3 setup.py develop --editable --build-directory /home/cpranathunga/ros2_ws/src/CMP9767_Assignment/build/assignment_pathole/build --no-deps install_data
[0.929s] running develop
[1.072s] running egg_info
[1.072s] writing assignment_pathole.egg-info/PKG-INFO
[1.073s] writing dependency_links to assignment_pathole.egg-info/dependency_links.txt
[1.073s] writing entry points to assignment_pathole.egg-info/entry_points.txt
[1.073s] writing requirements to assignment_pathole.egg-info/requires.txt
[1.073s] writing top-level names to assignment_pathole.egg-info/top_level.txt
[1.075s] reading manifest file 'assignment_pathole.egg-info/SOURCES.txt'
[1.076s] writing manifest file 'assignment_pathole.egg-info/SOURCES.txt'
[1.077s] running build_ext
[1.078s] Creating /home/cpranathunga/ros2_ws/src/CMP9767_Assignment/install/assignment_pathole/lib/python3.10/site-packages/assignment-pathole.egg-link (link to .)
[1.078s] Installing mover script to /home/cpranathunga/ros2_ws/src/CMP9767_Assignment/install/assignment_pathole/lib/assignment_pathole
[1.079s] Installing pothole_counter script to /home/cpranathunga/ros2_ws/src/CMP9767_Assignment/install/assignment_pathole/lib/assignment_pathole
[1.079s] Installing pothole_detector script to /home/cpranathunga/ros2_ws/src/CMP9767_Assignment/install/assignment_pathole/lib/assignment_pathole
[1.079s] Installing pothole_detector_real script to /home/cpranathunga/ros2_ws/src/CMP9767_Assignment/install/assignment_pathole/lib/assignment_pathole
[1.079s] 
[1.079s] Installed /home/cpranathunga/ros2_ws/src/CMP9767_Assignment/build/assignment_pathole
[1.079s] running install_data
[1.113s] Invoked command in '/home/cpranathunga/ros2_ws/src/CMP9767_Assignment/build/assignment_pathole' returned '0': PYTHONPATH=/home/cpranathunga/ros2_ws/src/CMP9767_Assignment/build/assignment_pathole/prefix_override:/home/cpranathunga/ros2_ws/src/CMP9767_Assignment/install/assignment_pathole/lib/python3.10/site-packages:${PYTHONPATH} /usr/bin/python3 setup.py develop --editable --build-directory /home/cpranathunga/ros2_ws/src/CMP9767_Assignment/build/assignment_pathole/build --no-deps install_data
